Flutter crash report.
Please report a bug at https://github.com/flutter/flutter/issues.

## command

flutter debug_adapter

## exception

RPCError: resume: (-32603) Unexpected DWDS error for resume: Bad state: No running isolate (inspector is not set).

```
#0      new _OutstandingRequest (package:vm_service/src/vm_service.dart:265:34)
#1      VmService._call.<anonymous closure> (package:vm_service/src/vm_service.dart:1772:25)
#2      VmService._call (package:vm_service/src/vm_service.dart:1784:8)
#3      VmService.resume (package:vm_service/src/vm_service.dart:1484:7)
#4      IsolateManager._resume (package:dds/src/dap/isolate_manager.dart:347:33)
#5      IsolateManager.resumeThread (package:dds/src/dap/isolate_manager.dart:281:11)
#6      IsolateManager._handlePause (package:dds/src/dap/isolate_manager.dart:591:17)
#7      IsolateManager.handleEvent (package:dds/src/dap/isolate_manager.dart:203:13)
<asynchronous suspension>
#8      DartDebugAdapter._configureExistingIsolates.<anonymous closure> (package:dds/src/dap/adapters/dart.dart:786:9)
<asynchronous suspension>
#9      Future.wait.<anonymous closure> (dart:async/future.dart:524:21)
<asynchronous suspension>
#10     DartDebugAdapter._configureExistingIsolates (package:dds/src/dap/adapters/dart.dart:771:5)
<asynchronous suspension>
#11     DartDebugAdapter._withErrorHandling (package:dds/src/dap/adapters/dart.dart:2679:14)
<asynchronous suspension>
#12     DartDebugAdapter.connectDebugger (package:dds/src/dap/adapters/dart.dart:704:5)
<asynchronous suspension>
#13     FlutterDebugAdapter._connectDebugger (package:flutter_tools/src/debug_adapters/flutter_adapter.dart:381:9)
<asynchronous suspension>
#14     FlutterDebugAdapter._handleDebugPort (package:flutter_tools/src/debug_adapters/flutter_adapter.dart:475:7)
<asynchronous suspension>
```

## flutter doctor

```
[✓] Flutter (Channel stable, 3.22.2, on Microsoft Windows [versÆo 10.0.22631.3737], locale pt-BR)
    • Flutter version 3.22.2 on channel stable at C:\Users\nigga\flutter
    • Upstream repository https://github.com/flutter/flutter.git
    • Framework revision 761747bfc5 (12 days ago), 2024-06-05 22:15:13 +0200
    • Engine revision edd8546116
    • Dart version 3.4.3
    • DevTools version 2.34.3

[✓] Windows Version (Installed version of Windows is version 10 or higher)

[✓] Android toolchain - develop for Android devices (Android SDK version 34.0.0)
    • Android SDK at C:\Users\nigga\AppData\Local\Android\sdk
    • Platform android-34-ext8, build-tools 34.0.0
    • Java binary at: C:\Program Files\Android\Android Studio\jbr\bin\java
    • Java version OpenJDK Runtime Environment (build 17.0.10+0--11572160)
    • All Android licenses accepted.

[✓] Chrome - develop for the web
    • Chrome at C:\Program Files\Google\Chrome\Application\chrome.exe

[✓] Visual Studio - develop Windows apps (Visual Studio Community 2022 17.10.1)
    • Visual Studio at C:\Program Files\Microsoft Visual Studio\2022\Community
    • Visual Studio Community 2022 version 17.10.34928.147
    • Windows 10 SDK version 10.0.22621.0

[✓] Android Studio (version 2023.3)
    • Android Studio at C:\Program Files\Android\Android Studio
    • Flutter plugin can be installed from:
      🔨 https://plugins.jetbrains.com/plugin/9212-flutter
    • Dart plugin can be installed from:
      🔨 https://plugins.jetbrains.com/plugin/6351-dart
    • Java version OpenJDK Runtime Environment (build 17.0.10+0--11572160)

[✓] VS Code (version 1.90.1)
    • VS Code at C:\Users\nigga\AppData\Local\Programs\Microsoft VS Code
    • Flutter extension version 3.90.0

[✓] Connected device (3 available)
    • Windows (desktop) • windows • windows-x64    • Microsoft Windows [versÆo 10.0.22631.3737]
    • Chrome (web)      • chrome  • web-javascript • Google Chrome 126.0.6478.61
    • Edge (web)        • edge    • web-javascript • Microsoft Edge 126.0.2592.56

[✓] Network resources
    • All expected network resources are available.

• No issues found!
```
